# JRE version: Java(TM) SE Runtime Environment (17.0.2+8) (build 17.0.2+8-LTS-86)
# Java VM: Java HotSpot(TM) 64-Bit Server VM (17.0.2+8-LTS-86, mixed mode, sharing, tiered, compressed oops, compressed class ptrs, g1 gc, windows-amd64)
GC Precious Log:
 CPUs: 8 total, 8 available
 Memory: 16251M
 Large Page Support: Disabled
 NUMA Support: Disabled
 Compressed Oops: Enabled (Zero based)
 Heap Region Size: 2M
 Heap Min Capacity: 8M
 Heap Initial Capacity: 254M
 Heap Max Capacity: 4064M
 Pre-touch: Disabled
 Parallel Workers: 8
 Concurrent Workers: 2
 Concurrent Refinement Workers: 8
 Periodic GC: Disabled
Heap:
 garbage-first heap   total 686080K, used 453860K [0x0000000702000000, 0x0000000800000000)
  region size 2048K, 104 young (212992K), 20 survivors (40960K)
 Metaspace       used 96651K, committed 98304K, reserved 1138688K
  class space    used 14046K, committed 14784K, reserved 1048576K
GC Heap History (20 events):
Event: 12.605 GC heap before
{Heap before GC invocations=23 (full 0):
 garbage-first heap   total 450560K, used 329447K [0x0000000702000000, 0x0000000800000000)
  region size 2048K, 88 young (180224K), 8 survivors (16384K)
 Metaspace       used 68914K, committed 70400K, reserved 1114112K
  class space    used 10173K, committed 10880K, reserved 1048576K
}
Event: 12.616 GC heap after
{Heap after GC invocations=24 (full 0):
 garbage-first heap   total 450560K, used 175280K [0x0000000702000000, 0x0000000800000000)
  region size 2048K, 5 young (10240K), 5 survivors (10240K)
 Metaspace       used 68914K, committed 70400K, reserved 1114112K
  class space    used 10173K, committed 10880K, reserved 1048576K
}
Event: 13.410 GC heap before
{Heap before GC invocations=24 (full 0):
 garbage-first heap   total 450560K, used 261296K [0x0000000702000000, 0x0000000800000000)
  region size 2048K, 48 young (98304K), 5 survivors (10240K)
 Metaspace       used 78933K, committed 80448K, reserved 1122304K
  class space    used 11314K, committed 12032K, reserved 1048576K
}
Event: 13.419 GC heap after
{Heap after GC invocations=25 (full 0):
 garbage-first heap   total 450560K, used 180029K [0x0000000702000000, 0x0000000800000000)
  region size 2048K, 7 young (14336K), 7 survivors (14336K)
 Metaspace       used 78933K, committed 80448K, reserved 1122304K
  class space    used 11314K, committed 12032K, reserved 1048576K
}
Event: 15.011 GC heap before
{Heap before GC invocations=26 (full 0):
 garbage-first heap   total 450560K, used 341821K [0x0000000702000000, 0x0000000800000000)
  region size 2048K, 85 young (174080K), 7 survivors (14336K)
 Metaspace       used 87924K, committed 89536K, reserved 1130496K
  class space    used 12816K, committed 13568K, reserved 1048576K
}
Event: 15.022 GC heap after
{Heap after GC invocations=27 (full 0):
 garbage-first heap   total 450560K, used 185418K [0x0000000702000000, 0x0000000800000000)
  region size 2048K, 6 young (12288K), 6 survivors (12288K)
 Metaspace       used 87924K, committed 89536K, reserved 1130496K
  class space    used 12816K, committed 13568K, reserved 1048576K
}
Event: 15.065 GC heap before
{Heap before GC invocations=27 (full 0):
 garbage-first heap   total 450560K, used 193610K [0x0000000702000000, 0x0000000800000000)
  region size 2048K, 11 young (22528K), 6 survivors (12288K)
 Metaspace       used 88397K, committed 89920K, reserved 1130496K
  class space    used 12911K, committed 13632K, reserved 1048576K
}
Event: 15.071 GC heap after
{Heap after GC invocations=28 (full 0):
 garbage-first heap   total 450560K, used 186982K [0x0000000702000000, 0x0000000800000000)
  region size 2048K, 1 young (2048K), 1 survivors (2048K)
 Metaspace       used 88397K, committed 89920K, reserved 1130496K
  class space    used 12911K, committed 13632K, reserved 1048576K
}
Event: 15.430 GC heap before
{Heap before GC invocations=28 (full 0):
 garbage-first heap   total 450560K, used 348774K [0x0000000702000000, 0x0000000800000000)
  region size 2048K, 80 young (163840K), 1 survivors (2048K)
 Metaspace       used 90299K, committed 91840K, reserved 1130496K
  class space    used 13176K, committed 13888K, reserved 1048576K
}
Event: 15.439 GC heap after
{Heap after GC invocations=29 (full 0):
 garbage-first heap   total 450560K, used 200164K [0x0000000702000000, 0x0000000800000000)
  region size 2048K, 8 young (16384K), 8 survivors (16384K)
 Metaspace       used 90299K, committed 91840K, reserved 1130496K
  class space    used 13176K, committed 13888K, reserved 1048576K
}
Event: 15.678 GC heap before
{Heap before GC invocations=29 (full 0):
 garbage-first heap   total 450560K, used 351716K [0x0000000702000000, 0x0000000800000000)
  region size 2048K, 83 young (169984K), 8 survivors (16384K)
 Metaspace       used 90805K, committed 92416K, reserved 1130496K
  class space    used 13236K, committed 13952K, reserved 1048576K
}
Event: 15.685 GC heap after
{Heap after GC invocations=30 (full 0):
 garbage-first heap   total 450560K, used 206653K [0x0000000702000000, 0x0000000800000000)
  region size 2048K, 4 young (8192K), 4 survivors (8192K)
 Metaspace       used 90805K, committed 92416K, reserved 1130496K
  class space    used 13236K, committed 13952K, reserved 1048576K
}
Event: 16.084 GC heap before
{Heap before GC invocations=31 (full 0):
 garbage-first heap   total 468992K, used 370493K [0x0000000702000000, 0x0000000800000000)
  region size 2048K, 79 young (161792K), 4 survivors (8192K)
 Metaspace       used 91364K, committed 92928K, reserved 1130496K
  class space    used 13323K, committed 14016K, reserved 1048576K
}
Event: 16.091 GC heap after
{Heap after GC invocations=32 (full 0):
 garbage-first heap   total 468992K, used 214693K [0x0000000702000000, 0x0000000800000000)
  region size 2048K, 8 young (16384K), 8 survivors (16384K)
 Metaspace       used 91364K, committed 92928K, reserved 1130496K
  class space    used 13323K, committed 14016K, reserved 1048576K
}
Event: 16.104 GC heap before
{Heap before GC invocations=32 (full 0):
 garbage-first heap   total 468992K, used 220837K [0x0000000702000000, 0x0000000800000000)
  region size 2048K, 11 young (22528K), 8 survivors (16384K)
 Metaspace       used 91368K, committed 92928K, reserved 1130496K
  class space    used 13323K, committed 14016K, reserved 1048576K
}
Event: 16.110 GC heap after
{Heap after GC invocations=33 (full 0):
 garbage-first heap   total 686080K, used 215031K [0x0000000702000000, 0x0000000800000000)
  region size 2048K, 1 young (2048K), 1 survivors (2048K)
 Metaspace       used 91368K, committed 92928K, reserved 1130496K
  class space    used 13323K, committed 14016K, reserved 1048576K
}
Event: 16.828 GC heap before
{Heap before GC invocations=33 (full 0):
 garbage-first heap   total 686080K, used 522231K [0x0000000702000000, 0x0000000800000000)
  region size 2048K, 151 young (309248K), 1 survivors (2048K)
 Metaspace       used 91841K, committed 93440K, reserved 1130496K
  class space    used 13364K, committed 14080K, reserved 1048576K
}
Event: 16.838 GC heap after
{Heap after GC invocations=34 (full 0):
 garbage-first heap   total 686080K, used 233316K [0x0000000702000000, 0x0000000800000000)
  region size 2048K, 10 young (20480K), 10 survivors (20480K)
 Metaspace       used 91841K, committed 93440K, reserved 1130496K
  class space    used 13364K, committed 14080K, reserved 1048576K
}
Event: 18.052 GC heap before
{Heap before GC invocations=34 (full 0):
 garbage-first heap   total 686080K, used 540516K [0x0000000702000000, 0x0000000800000000)
  region size 2048K, 160 young (327680K), 10 survivors (20480K)
 Metaspace       used 92436K, committed 94016K, reserved 1130496K
  class space    used 13431K, committed 14144K, reserved 1048576K
}
Event: 18.081 GC heap after
{Heap after GC invocations=35 (full 0):
 garbage-first heap   total 686080K, used 273636K [0x0000000702000000, 0x0000000800000000)
  region size 2048K, 20 young (40960K), 20 survivors (40960K)
 Metaspace       used 92436K, committed 94016K, reserved 1130496K
  class space    used 13431K, committed 14144K, reserved 1048576K
}

